Info: Starting: Create block symbol file (.bsf)
Info: qsys-generate /home/harry/info_proc_lab/FoodGame/hardware/Golden_Top/nios_accelerometer.qsys --block-symbol-file --output-directory=/home/harry/info_proc_lab/FoodGame/hardware/Golden_Top/nios_accelerometer --family="MAX 10" --part=10M50DAF484C7G
Progress: Loading Golden_Top/nios_accelerometer.qsys
Progress: Reading input file
Progress: Adding accelerometer_spi [altera_up_avalon_accelerometer_spi 18.0]
Progress: Parameterizing module accelerometer_spi
Progress: Adding clk [clock_source 22.1]
Progress: Parameterizing module clk
Progress: Adding cpu [altera_nios2_gen2 22.1]
Progress: Parameterizing module cpu
Progress: Adding hex0 [altera_avalon_pio 22.1]
Progress: Parameterizing module hex0
Progress: Adding hex1 [altera_avalon_pio 22.1]
Progress: Parameterizing module hex1
Progress: Adding hex2 [altera_avalon_pio 22.1]
Progress: Parameterizing module hex2
Progress: Adding hex3 [altera_avalon_pio 22.1]
Progress: Parameterizing module hex3
Progress: Adding hex4 [altera_avalon_pio 22.1]
Progress: Parameterizing module hex4
Progress: Adding hex5 [altera_avalon_pio 22.1]
Progress: Parameterizing module hex5
Progress: Adding jtag_uart [altera_avalon_jtag_uart 22.1]
Progress: Parameterizing module jtag_uart
Progress: Adding led [altera_avalon_pio 22.1]
Progress: Parameterizing module led
Progress: Adding onchip_memory [altera_avalon_onchip_memory2 22.1]
Progress: Parameterizing module onchip_memory
Progress: Adding sysid_qsys [altera_avalon_sysid_qsys 22.1]
Progress: Parameterizing module sysid_qsys
Progress: Adding timer [altera_avalon_timer 22.1]
Progress: Parameterizing module timer
Progress: Building connections
Progress: Parameterizing connections
Progress: Validating
Progress: Done reading input file
Info: nios_accelerometer.jtag_uart: JTAG UART IP input clock need to be at least double (2x) the operating frequency of JTAG TCK on board
Info: nios_accelerometer.sysid_qsys: System ID is not assigned automatically. Edit the System ID parameter to provide a unique ID
Info: nios_accelerometer.sysid_qsys: Time stamp will be automatically updated when this component is generated.
Info: qsys-generate succeeded.
Info: Finished: Create block symbol file (.bsf)
Info: 
Info: Starting: Create HDL design files for synthesis
Info: qsys-generate /home/harry/info_proc_lab/FoodGame/hardware/Golden_Top/nios_accelerometer.qsys --synthesis=VERILOG --output-directory=/home/harry/info_proc_lab/FoodGame/hardware/Golden_Top/nios_accelerometer/synthesis --family="MAX 10" --part=10M50DAF484C7G
Progress: Loading Golden_Top/nios_accelerometer.qsys
Progress: Reading input file
Progress: Adding accelerometer_spi [altera_up_avalon_accelerometer_spi 18.0]
Progress: Parameterizing module accelerometer_spi
Progress: Adding clk [clock_source 22.1]
Progress: Parameterizing module clk
Progress: Adding cpu [altera_nios2_gen2 22.1]
Progress: Parameterizing module cpu
Progress: Adding hex0 [altera_avalon_pio 22.1]
Progress: Parameterizing module hex0
Progress: Adding hex1 [altera_avalon_pio 22.1]
Progress: Parameterizing module hex1
Progress: Adding hex2 [altera_avalon_pio 22.1]
Progress: Parameterizing module hex2
Progress: Adding hex3 [altera_avalon_pio 22.1]
Progress: Parameterizing module hex3
Progress: Adding hex4 [altera_avalon_pio 22.1]
Progress: Parameterizing module hex4
Progress: Adding hex5 [altera_avalon_pio 22.1]
Progress: Parameterizing module hex5
Progress: Adding jtag_uart [altera_avalon_jtag_uart 22.1]
Progress: Parameterizing module jtag_uart
Progress: Adding led [altera_avalon_pio 22.1]
Progress: Parameterizing module led
Progress: Adding onchip_memory [altera_avalon_onchip_memory2 22.1]
Progress: Parameterizing module onchip_memory
Progress: Adding sysid_qsys [altera_avalon_sysid_qsys 22.1]
Progress: Parameterizing module sysid_qsys
Progress: Adding timer [altera_avalon_timer 22.1]
Progress: Parameterizing module timer
Progress: Building connections
Progress: Parameterizing connections
Progress: Validating
Progress: Done reading input file
Info: nios_accelerometer.jtag_uart: JTAG UART IP input clock need to be at least double (2x) the operating frequency of JTAG TCK on board
Info: nios_accelerometer.sysid_qsys: System ID is not assigned automatically. Edit the System ID parameter to provide a unique ID
Info: nios_accelerometer.sysid_qsys: Time stamp will be automatically updated when this component is generated.
Info: nios_accelerometer: Generating nios_accelerometer "nios_accelerometer" for QUARTUS_SYNTH
Info: accelerometer_spi: Starting Generation of the Accelerometer Controller in SPI mode
Info: accelerometer_spi: "nios_accelerometer" instantiated altera_up_avalon_accelerometer_spi "accelerometer_spi"
Info: cpu: "nios_accelerometer" instantiated altera_nios2_gen2 "cpu"
Info: hex0: Starting RTL generation for module 'nios_accelerometer_hex0'
Info: hex0:   Generation command is [exec /home/harry/intelFPGA_lite/22.1std/quartus/linux64/perl/bin/perl -I /home/harry/intelFPGA_lite/22.1std/quartus/linux64/perl/lib -I /home/harry/intelFPGA_lite/22.1std/quartus/sopc_builder/bin/europa -I /home/harry/intelFPGA_lite/22.1std/quartus/sopc_builder/bin -I /home/harry/intelFPGA_lite/22.1std/quartus/../ip/altera/sopc_builder_ip/common -I /home/harry/intelFPGA_lite/22.1std/quartus/../ip/altera/sopc_builder_ip/altera_avalon_pio -- /home/harry/intelFPGA_lite/22.1std/quartus/../ip/altera/sopc_builder_ip/altera_avalon_pio/generate_rtl.pl --name=nios_accelerometer_hex0 --dir=/tmp/alt9437_119036440278832555.dir/0003_hex0_gen/ --quartus_dir=/home/harry/intelFPGA_lite/22.1std/quartus --verilog --config=/tmp/alt9437_119036440278832555.dir/0003_hex0_gen//nios_accelerometer_hex0_component_configuration.pl  --do_build_sim=0  ]
Info: hex0: Done RTL generation for module 'nios_accelerometer_hex0'
Info: hex0: "nios_accelerometer" instantiated altera_avalon_pio "hex0"
Info: jtag_uart: Starting RTL generation for module 'nios_accelerometer_jtag_uart'
Info: jtag_uart:   Generation command is [exec /home/harry/intelFPGA_lite/22.1std/quartus/linux64/perl/bin/perl -I /home/harry/intelFPGA_lite/22.1std/quartus/linux64/perl/lib -I /home/harry/intelFPGA_lite/22.1std/quartus/sopc_builder/bin/europa -I /home/harry/intelFPGA_lite/22.1std/quartus/sopc_builder/bin -I /home/harry/intelFPGA_lite/22.1std/quartus/../ip/altera/sopc_builder_ip/common -I /home/harry/intelFPGA_lite/22.1std/quartus/../ip/altera/sopc_builder_ip/altera_avalon_jtag_uart -- /home/harry/intelFPGA_lite/22.1std/quartus/../ip/altera/sopc_builder_ip/altera_avalon_jtag_uart/generate_rtl.pl --name=nios_accelerometer_jtag_uart --dir=/tmp/alt9437_119036440278832555.dir/0004_jtag_uart_gen/ --quartus_dir=/home/harry/intelFPGA_lite/22.1std/quartus --verilog --config=/tmp/alt9437_119036440278832555.dir/0004_jtag_uart_gen//nios_accelerometer_jtag_uart_component_configuration.pl  --do_build_sim=0  ]
Info: jtag_uart: Done RTL generation for module 'nios_accelerometer_jtag_uart'
Info: jtag_uart: "nios_accelerometer" instantiated altera_avalon_jtag_uart "jtag_uart"
Info: led: Starting RTL generation for module 'nios_accelerometer_led'
Info: led:   Generation command is [exec /home/harry/intelFPGA_lite/22.1std/quartus/linux64/perl/bin/perl -I /home/harry/intelFPGA_lite/22.1std/quartus/linux64/perl/lib -I /home/harry/intelFPGA_lite/22.1std/quartus/sopc_builder/bin/europa -I /home/harry/intelFPGA_lite/22.1std/quartus/sopc_builder/bin -I /home/harry/intelFPGA_lite/22.1std/quartus/../ip/altera/sopc_builder_ip/common -I /home/harry/intelFPGA_lite/22.1std/quartus/../ip/altera/sopc_builder_ip/altera_avalon_pio -- /home/harry/intelFPGA_lite/22.1std/quartus/../ip/altera/sopc_builder_ip/altera_avalon_pio/generate_rtl.pl --name=nios_accelerometer_led --dir=/tmp/alt9437_119036440278832555.dir/0005_led_gen/ --quartus_dir=/home/harry/intelFPGA_lite/22.1std/quartus --verilog --config=/tmp/alt9437_119036440278832555.dir/0005_led_gen//nios_accelerometer_led_component_configuration.pl  --do_build_sim=0  ]
Info: led: Done RTL generation for module 'nios_accelerometer_led'
Info: led: "nios_accelerometer" instantiated altera_avalon_pio "led"
Info: onchip_memory: Starting RTL generation for module 'nios_accelerometer_onchip_memory'
Info: onchip_memory:   Generation command is [exec /home/harry/intelFPGA_lite/22.1std/quartus/linux64/perl/bin/perl -I /home/harry/intelFPGA_lite/22.1std/quartus/linux64/perl/lib -I /home/harry/intelFPGA_lite/22.1std/quartus/sopc_builder/bin/europa -I /home/harry/intelFPGA_lite/22.1std/quartus/sopc_builder/bin -I /home/harry/intelFPGA_lite/22.1std/quartus/../ip/altera/sopc_builder_ip/common -I /home/harry/intelFPGA_lite/22.1std/quartus/../ip/altera/sopc_builder_ip/altera_avalon_onchip_memory2 -- /home/harry/intelFPGA_lite/22.1std/quartus/../ip/altera/sopc_builder_ip/altera_avalon_onchip_memory2/generate_rtl.pl --name=nios_accelerometer_onchip_memory --dir=/tmp/alt9437_119036440278832555.dir/0006_onchip_memory_gen/ --quartus_dir=/home/harry/intelFPGA_lite/22.1std/quartus --verilog --config=/tmp/alt9437_119036440278832555.dir/0006_onchip_memory_gen//nios_accelerometer_onchip_memory_component_configuration.pl  --do_build_sim=0  ]
Info: onchip_memory: Done RTL generation for module 'nios_accelerometer_onchip_memory'
Info: onchip_memory: "nios_accelerometer" instantiated altera_avalon_onchip_memory2 "onchip_memory"
Info: sysid_qsys: "nios_accelerometer" instantiated altera_avalon_sysid_qsys "sysid_qsys"
Info: timer: Starting RTL generation for module 'nios_accelerometer_timer'
Info: timer:   Generation command is [exec /home/harry/intelFPGA_lite/22.1std/quartus/linux64//perl/bin/perl -I /home/harry/intelFPGA_lite/22.1std/quartus/linux64//perl/lib -I /home/harry/intelFPGA_lite/22.1std/quartus/sopc_builder/bin/europa -I /home/harry/intelFPGA_lite/22.1std/quartus/sopc_builder/bin -I /home/harry/intelFPGA_lite/22.1std/quartus/../ip/altera/sopc_builder_ip/common -I /home/harry/intelFPGA_lite/22.1std/quartus/../ip/altera/sopc_builder_ip/altera_avalon_timer -- /home/harry/intelFPGA_lite/22.1std/quartus/../ip/altera/sopc_builder_ip/altera_avalon_timer/generate_rtl.pl --name=nios_accelerometer_timer --dir=/tmp/alt9437_119036440278832555.dir/0008_timer_gen/ --quartus_dir=/home/harry/intelFPGA_lite/22.1std/quartus --verilog --config=/tmp/alt9437_119036440278832555.dir/0008_timer_gen//nios_accelerometer_timer_component_configuration.pl  --do_build_sim=0  ]
Info: timer: Done RTL generation for module 'nios_accelerometer_timer'
Info: timer: "nios_accelerometer" instantiated altera_avalon_timer "timer"
Info: avalon_st_adapter: Inserting error_adapter: error_adapter_0
Info: avalon_st_adapter_001: Inserting error_adapter: error_adapter_0
Info: avalon_st_adapter_002: Inserting error_adapter: error_adapter_0
Info: avalon_st_adapter_003: Inserting error_adapter: error_adapter_0
Info: avalon_st_adapter_004: Inserting error_adapter: error_adapter_0
Info: avalon_st_adapter_005: Inserting error_adapter: error_adapter_0
Info: avalon_st_adapter_006: Inserting error_adapter: error_adapter_0
Info: avalon_st_adapter_007: Inserting error_adapter: error_adapter_0
Info: avalon_st_adapter_008: Inserting error_adapter: error_adapter_0
Info: avalon_st_adapter_009: Inserting error_adapter: error_adapter_0
Info: avalon_st_adapter_010: Inserting error_adapter: error_adapter_0
Info: avalon_st_adapter_011: Inserting error_adapter: error_adapter_0
Info: avalon_st_adapter_012: Inserting error_adapter: error_adapter_0
Info: mm_interconnect_0: "nios_accelerometer" instantiated altera_mm_interconnect "mm_interconnect_0"
Info: irq_mapper: "nios_accelerometer" instantiated altera_irq_mapper "irq_mapper"
Info: rst_controller: "nios_accelerometer" instantiated altera_reset_controller "rst_controller"
Info: cpu: Starting RTL generation for module 'nios_accelerometer_cpu_cpu'
Info: cpu:   Generation command is [exec /home/harry/intelFPGA_lite/22.1std/quartus/linux64//perl/bin/perl -I /home/harry/intelFPGA_lite/22.1std/quartus/linux64//perl/lib -I /home/harry/intelFPGA_lite/22.1std/quartus/sopc_builder/bin/europa -I /home/harry/intelFPGA_lite/22.1std/quartus/sopc_builder/bin -I /home/harry/intelFPGA_lite/22.1std/quartus/../ip/altera/nios2_ip/altera_nios2_gen2/cpu_lib -I /home/harry/intelFPGA_lite/22.1std/quartus/../ip/altera/nios2_ip/altera_nios2_gen2/nios_lib -I /home/harry/intelFPGA_lite/22.1std/quartus/../ip/altera/nios2_ip/altera_nios2_gen2 -I /home/harry/intelFPGA_lite/22.1std/quartus/../ip/altera/nios2_ip/altera_nios2_gen2 -- /home/harry/intelFPGA_lite/22.1std/quartus/../ip/altera/nios2_ip/altera_nios2_gen2/generate_rtl.pl --name=nios_accelerometer_cpu_cpu --dir=/tmp/alt9437_119036440278832555.dir/0011_cpu_gen/ --quartus_bindir=/home/harry/intelFPGA_lite/22.1std/quartus/linux64/ --verilog --config=/tmp/alt9437_119036440278832555.dir/0011_cpu_gen//nios_accelerometer_cpu_cpu_processor_configuration.pl  --do_build_sim=0  ]
Info: cpu: # 2023.03.21 15:52:05 (*) Starting Nios II generation
Info: cpu: # 2023.03.21 15:52:05 (*)   Elaborating CPU configuration settings
Info: cpu: # 2023.03.21 15:52:05 (*)   Creating all objects for CPU
Info: cpu: # 2023.03.21 15:52:06 (*)   Generating RTL from CPU objects
Info: cpu: # 2023.03.21 15:52:06 (*)   Creating plain-text RTL
Info: cpu: # 2023.03.21 15:52:06 (*) Done Nios II generation
Info: cpu: Done RTL generation for module 'nios_accelerometer_cpu_cpu'
Info: cpu: "cpu" instantiated altera_nios2_gen2_unit "cpu"
Info: cpu_data_master_translator: "mm_interconnect_0" instantiated altera_merlin_master_translator "cpu_data_master_translator"
Info: accelerometer_spi_avalon_accelerometer_spi_mode_slave_translator: "mm_interconnect_0" instantiated altera_merlin_slave_translator "accelerometer_spi_avalon_accelerometer_spi_mode_slave_translator"
Info: cpu_data_master_agent: "mm_interconnect_0" instantiated altera_merlin_master_agent "cpu_data_master_agent"
Info: accelerometer_spi_avalon_accelerometer_spi_mode_slave_agent: "mm_interconnect_0" instantiated altera_merlin_slave_agent "accelerometer_spi_avalon_accelerometer_spi_mode_slave_agent"
Info: accelerometer_spi_avalon_accelerometer_spi_mode_slave_agent_rsp_fifo: "mm_interconnect_0" instantiated altera_avalon_sc_fifo "accelerometer_spi_avalon_accelerometer_spi_mode_slave_agent_rsp_fifo"
Info: router: "mm_interconnect_0" instantiated altera_merlin_router "router"
Info: router_001: "mm_interconnect_0" instantiated altera_merlin_router "router_001"
Info: router_002: "mm_interconnect_0" instantiated altera_merlin_router "router_002"
Info: router_003: "mm_interconnect_0" instantiated altera_merlin_router "router_003"
Info: router_005: "mm_interconnect_0" instantiated altera_merlin_router "router_005"
Info: accelerometer_spi_avalon_accelerometer_spi_mode_slave_burst_adapter: "mm_interconnect_0" instantiated altera_merlin_burst_adapter "accelerometer_spi_avalon_accelerometer_spi_mode_slave_burst_adapter"
Info: cmd_demux: "mm_interconnect_0" instantiated altera_merlin_demultiplexer "cmd_demux"
Info: cmd_demux_001: "mm_interconnect_0" instantiated altera_merlin_demultiplexer "cmd_demux_001"
Info: cmd_mux: "mm_interconnect_0" instantiated altera_merlin_multiplexer "cmd_mux"
Info: cmd_mux_003: "mm_interconnect_0" instantiated altera_merlin_multiplexer "cmd_mux_003"
Info: Reusing file /home/harry/info_proc_lab/FoodGame/hardware/Golden_Top/nios_accelerometer/synthesis/submodules/altera_merlin_arbitrator.sv
Info: rsp_demux: "mm_interconnect_0" instantiated altera_merlin_demultiplexer "rsp_demux"
Info: rsp_mux: "mm_interconnect_0" instantiated altera_merlin_multiplexer "rsp_mux"
Info: Reusing file /home/harry/info_proc_lab/FoodGame/hardware/Golden_Top/nios_accelerometer/synthesis/submodules/altera_merlin_arbitrator.sv
Info: rsp_mux_001: "mm_interconnect_0" instantiated altera_merlin_multiplexer "rsp_mux_001"
Info: Reusing file /home/harry/info_proc_lab/FoodGame/hardware/Golden_Top/nios_accelerometer/synthesis/submodules/altera_merlin_arbitrator.sv
Info: accelerometer_spi_avalon_accelerometer_spi_mode_slave_rsp_width_adapter: "mm_interconnect_0" instantiated altera_merlin_width_adapter "accelerometer_spi_avalon_accelerometer_spi_mode_slave_rsp_width_adapter"
Info: Reusing file /home/harry/info_proc_lab/FoodGame/hardware/Golden_Top/nios_accelerometer/synthesis/submodules/altera_merlin_address_alignment.sv
Info: Reusing file /home/harry/info_proc_lab/FoodGame/hardware/Golden_Top/nios_accelerometer/synthesis/submodules/altera_merlin_burst_uncompressor.sv
Info: avalon_st_adapter: "mm_interconnect_0" instantiated altera_avalon_st_adapter "avalon_st_adapter"
Info: avalon_st_adapter_001: "mm_interconnect_0" instantiated altera_avalon_st_adapter "avalon_st_adapter_001"
Info: error_adapter_0: "avalon_st_adapter" instantiated error_adapter "error_adapter_0"
Info: error_adapter_0: "avalon_st_adapter_001" instantiated error_adapter "error_adapter_0"
Info: nios_accelerometer: Done "nios_accelerometer" with 36 modules, 61 files
Info: qsys-generate succeeded.
Info: Finished: Create HDL design files for synthesis
